#
# There is insufficient memory for the Java Runtime Environment to continue.
# Native memory allocation (malloc) failed to allocate 1048576 bytes for AllocateHeap
# Possible reasons:
#   The system is out of physical RAM or swap space
#   The process is running with CompressedOops enabled, and the Java Heap may be blocking the growth of the native heap
# Possible solutions:
#   Reduce memory load on the system
#   Increase physical memory or swap space
#   Check if swap backing store is full
#   Decrease Java heap size (-Xmx/-Xms)
#   Decrease number of Java threads
#   Decrease Java thread stack sizes (-Xss)
#   Set larger code cache with -XX:ReservedCodeCacheSize=
#   JVM is running with Unscaled Compressed Oops mode in which the Java heap is
#     placed in the first 4GB address space. The Java Heap base address is the
#     maximum limit for the native heap growth. Please use -XX:HeapBaseMinAddress
#     to set the Java Heap base and to place the Java Heap above 4GB virtual address.
# This output file may be truncated or incomplete.
#
#  Out of Memory Error (allocation.cpp:44), pid=11624, tid=7736
#
# JRE version:  (17.0.5+1) (build )
# Java VM: OpenJDK 64-Bit Server VM (17.0.5+1-b653.23, mixed mode, sharing, tiered, compressed oops, compressed class ptrs, g1 gc, windows-amd64)
# No core dump will be written. Minidumps are not enabled by default on client versions of Windows
#

---------------  S U M M A R Y ------------

Command Line: git4idea.http.GitAskPassApp Username for 'https://github.com': 

Host: AMD A8-7410 APU with AMD Radeon R5 Graphics    , 4 cores, 6G,  Windows 10 , 64 bit Build 19041 (10.0.19041.2546)
Time: Mon Jul 10 03:28:45 2023  Windows 10 , 64 bit Build 19041 (10.0.19041.2546) elapsed time: 0.136390 seconds (0d 0h 0m 0s)

---------------  T H R E A D  ---------------

Current thread (0x000002449c96d530):  JavaThread "Unknown thread" [_thread_in_vm, id=7736, stack(0x000000b674d00000,0x000000b674e00000)]

Stack: [0x000000b674d00000,0x000000b674e00000]
Native frames: (J=compiled Java code, j=interpreted, Vv=VM code, C=native code)
V  [jvm.dll+0x6830ca]
V  [jvm.dll+0x83f4c4]
V  [jvm.dll+0x840c6e]
V  [jvm.dll+0x8412d3]
V  [jvm.dll+0x2490b5]
V  [jvm.dll+0xa64cf]
V  [jvm.dll+0x2dace4]
V  [jvm.dll+0x810d5c]
V  [jvm.dll+0x36df31]
V  [jvm.dll+0x7f028c]
V  [jvm.dll+0x3f0cbf]
V  [jvm.dll+0x3f2801]
C  [jli.dll+0x526b]
C  [ucrtbase.dll+0x21bb2]
C  [KERNEL32.DLL+0x17614]
C  [ntdll.dll+0x526a1]


---------------  P R O C E S S  ---------------

Threads class SMR info:
_java_thread_list=0x00007ffe436d8f98, length=0, elements={
}

Java Threads: ( => current thread )

Other Threads:

=>0x000002449c96d530 (exited) JavaThread "Unknown thread" [_thread_in_vm, id=7736, stack(0x000000b674d00000,0x000000b674e00000)]

Threads with active compile tasks:

VM state: not at safepoint (not fully initialized)

VM Mutex/Monitor currently owned by a thread: None

Heap address: 0x0000000000000000, size: 0 MB, Compressed Oops mode: 32-bit

CDS archive(s) mapped at: [0x0000000000000000-0x0000000000000000-0x0000000000000000), size 0, SharedBaseAddress: 0x0000000800000000, ArchiveRelocationMode: 0.
Narrow klass base: 0x0000000000000000, Narrow klass shift: 0, Narrow klass range: 0x0

GC Precious Log:
<Empty>

GC Heap History (0 events):
No events

Dll operation events (1 events):
Event: 0.094 Loaded shared library C:\Program Files\JetBrains\PhpStorm 2022.3.1\jbr\bin\java.dll

Deoptimization events (0 events):
No events

Classes unloaded (0 events):
No events

Classes redefined (0 events):
No events

Internal exceptions (0 events):
No events

VM Operations (0 events):
No events

Events (0 events):
No events


Dynamic libraries:
0x00007ff6c4470000 - 0x00007ff6c447a000 	C:\Program Files\JetBrains\PhpStorm 2022.3.1\jbr\bin\java.exe
0x00007ffe80370000 - 0x00007ffe80568000 	C:\Windows\SYSTEM32\ntdll.dll
0x00007ffe7e3b0000 - 0x00007ffe7e46f000 	C:\Windows\System32\KERNEL32.DLL
0x00007ffe7dee0000 - 0x00007ffe7e1b2000 	C:\Windows\System32\KERNELBASE.dll
0x00007ffe7db90000 - 0x00007ffe7dc90000 	C:\Windows\System32\ucrtbase.dll
0x00007ffe6e8c0000 - 0x00007ffe6e8d7000 	C:\Program Files\JetBrains\PhpStorm 2022.3.1\jbr\bin\jli.dll
0x00007ffe6b800000 - 0x00007ffe6b81b000 	C:\Program Files\JetBrains\PhpStorm 2022.3.1\jbr\bin\VCRUNTIME140.dll
0x00007ffe80050000 - 0x00007ffe801f1000 	C:\Windows\System32\USER32.dll
0x00007ffe7de40000 - 0x00007ffe7de62000 	C:\Windows\System32\win32u.dll
0x00007ffe6d370000 - 0x00007ffe6d60a000 	C:\Windows\WinSxS\amd64_microsoft.windows.common-controls_6595b64144ccf1df_6.0.19041.1110_none_60b5254171f9507e\COMCTL32.dll
0x00007ffe7e940000 - 0x00007ffe7e96b000 	C:\Windows\System32\GDI32.dll
0x00007ffe7fbc0000 - 0x00007ffe7fc5e000 	C:\Windows\System32\msvcrt.dll
0x00007ffe7e270000 - 0x00007ffe7e37f000 	C:\Windows\System32\gdi32full.dll
0x00007ffe7daf0000 - 0x00007ffe7db8d000 	C:\Windows\System32\msvcp_win.dll
0x00007ffe7f0d0000 - 0x00007ffe7f102000 	C:\Windows\System32\IMM32.DLL
0x00007ffe794a0000 - 0x00007ffe794ac000 	C:\Program Files\JetBrains\PhpStorm 2022.3.1\jbr\bin\vcruntime140_1.dll
0x00007ffe67790000 - 0x00007ffe6781d000 	C:\Program Files\JetBrains\PhpStorm 2022.3.1\jbr\bin\msvcp140.dll
0x00007ffe42ba0000 - 0x00007ffe4380b000 	C:\Program Files\JetBrains\PhpStorm 2022.3.1\jbr\bin\server\jvm.dll
0x00007ffe7f280000 - 0x00007ffe7f32e000 	C:\Windows\System32\ADVAPI32.dll
0x00007ffe7e8a0000 - 0x00007ffe7e93c000 	C:\Windows\System32\sechost.dll
0x00007ffe7fe30000 - 0x00007ffe7ff55000 	C:\Windows\System32\RPCRT4.dll
0x00007ffe71920000 - 0x00007ffe71929000 	C:\Windows\SYSTEM32\WSOCK32.dll
0x00007ffe74eb0000 - 0x00007ffe74eba000 	C:\Windows\SYSTEM32\VERSION.dll
0x00007ffe74e80000 - 0x00007ffe74ea7000 	C:\Windows\SYSTEM32\WINMM.dll
0x00007ffe7fda0000 - 0x00007ffe7fe0b000 	C:\Windows\System32\WS2_32.dll
0x00007ffe7b920000 - 0x00007ffe7b932000 	C:\Windows\SYSTEM32\kernel.appcore.dll
0x00007ffe71910000 - 0x00007ffe7191a000 	C:\Program Files\JetBrains\PhpStorm 2022.3.1\jbr\bin\jimage.dll
0x00007ffe692e0000 - 0x00007ffe694c4000 	C:\Windows\SYSTEM32\DBGHELP.DLL
0x00007ffe692a0000 - 0x00007ffe692d5000 	C:\Windows\SYSTEM32\dbgcore.DLL
0x00007ffe7da60000 - 0x00007ffe7dae2000 	C:\Windows\System32\bcryptPrimitives.dll
0x00007ffe6e9b0000 - 0x00007ffe6e9d5000 	C:\Program Files\JetBrains\PhpStorm 2022.3.1\jbr\bin\java.dll

dbghelp: loaded successfully - version: 4.0.5 - missing functions: none
symbol engine: initialized successfully - sym options: 0x614 - pdb path: .;C:\Program Files\JetBrains\PhpStorm 2022.3.1\jbr\bin;C:\Windows\SYSTEM32;C:\Windows\WinSxS\amd64_microsoft.windows.common-controls_6595b64144ccf1df_6.0.19041.1110_none_60b5254171f9507e;C:\Program Files\JetBrains\PhpStorm 2022.3.1\jbr\bin\server

VM Arguments:
java_command: git4idea.http.GitAskPassApp Username for 'https://github.com': 
java_class_path (initial): C:/Program Files/JetBrains/PhpStorm 2022.3.1/plugins/vcs-git/lib/git4idea-rt.jar;C:/Program Files/JetBrains/PhpStorm 2022.3.1/lib/externalProcess-rt.jar;C:/Program Files/JetBrains/PhpStorm 2022.3.1/lib/app.jar;C:/Program Files/JetBrains/PhpStorm 2022.3.1/lib/3rd-party-rt.jar
Launcher Type: SUN_STANDARD

[Global flags]
     intx CICompilerCount                          = 3                                         {product} {ergonomic}
     uint ConcGCThreads                            = 1                                         {product} {ergonomic}
     uint G1ConcRefinementThreads                  = 4                                         {product} {ergonomic}
   size_t G1HeapRegionSize                         = 1048576                                   {product} {ergonomic}
    uintx GCDrainStackTargetSize                   = 64                                        {product} {ergonomic}
   size_t InitialHeapSize                          = 117440512                                 {product} {ergonomic}
   size_t MarkStackSize                            = 4194304                                   {product} {ergonomic}
   size_t MaxHeapSize                              = 1860173824                                {product} {ergonomic}
   size_t MinHeapDeltaBytes                        = 1048576                                   {product} {ergonomic}
   size_t MinHeapSize                              = 8388608                                   {product} {ergonomic}
    uintx NonNMethodCodeHeapSize                   = 5832780                                {pd product} {ergonomic}
    uintx NonProfiledCodeHeapSize                  = 122912730                              {pd product} {ergonomic}
    uintx ProfiledCodeHeapSize                     = 122912730                              {pd product} {ergonomic}
    uintx ReservedCodeCacheSize                    = 251658240                              {pd product} {ergonomic}
     bool SegmentedCodeCache                       = true                                      {product} {ergonomic}
   size_t SoftMaxHeapSize                          = 1860173824                             {manageable} {ergonomic}
     bool UseCompressedClassPointers               = true                           {product lp64_product} {ergonomic}
     bool UseCompressedOops                        = true                           {product lp64_product} {ergonomic}
     bool UseG1GC                                  = true                                      {product} {ergonomic}
     bool UseLargePagesIndividualAllocation        = false                                  {pd product} {ergonomic}

Logging:
Log output configuration:
 #0: stdout all=warning uptime,level,tags
 #1: stderr all=off uptime,level,tags

Environment Variables:
PATH=E:/Games/Git/mingw64/libexec/git-core;E:/Games/Git/mingw64/libexec/git-core;E:\Games\Git\mingw64\bin;E:\Games\Git\usr\bin;C:\Users\Oskar\bin;C:\Python311\Scripts\;C:\Python311\;C:\Windows\system32;C:\Windows;C:\Windows\System32\Wbem;C:\Windows\System32\WindowsPowerShell\v1.0\;C:\Windows\System32\OpenSSH\;C:\Program Files\Microsoft SQL Server\150\Tools\Binn\;C:\ProgramData\chocolatey\bin;E:\Games\Git\cmd;C:\Program Files\nodejs\;C:\Users\Oskar\AppData\Local\Microsoft\WindowsApps;E:\Games\openserver\modules\php\PHP_7.4;E:\Games\Microsoft VS Code\bin;C:\Users\Oskar\AppData\Local\GitHubDesktop\bin;C:\Users\Oskar\AppData\Roaming\npm
USERNAME=Oskar
DISPLAY=:0.0
LC_ALL=en_US.UTF-8
TERM=xterm-256color
TMPDIR=C:\Users\Oskar\AppData\Local\Temp
OS=Windows_NT
PROCESSOR_IDENTIFIER=AMD64 Family 22 Model 48 Stepping 1, AuthenticAMD
TMP=C:\Users\Oskar\AppData\Local\Temp
TEMP=C:\Users\Oskar\AppData\Local\Temp



---------------  S Y S T E M  ---------------

OS:
 Windows 10 , 64 bit Build 19041 (10.0.19041.2546)
OS uptime: 1 days 14:31 hours

CPU: total 4 (initial active 4) (4 cores per cpu, 1 threads per core) family 22 model 48 stepping 1 microcode 0x0, cx8, cmov, fxsr, mmx, 3dnowpref, sse, sse2, sse3, ssse3, sse4a, sse4.1, sse4.2, popcnt, lzcnt, tsc, tscinvbit, avx, aes, clmul, bmi1, vzeroupper, clflush

Memory: 4k page, system-wide physical 7094M (1401M free)
TotalPageFile size 9142M (AvailPageFile size 5M)
current process WorkingSet (physical memory assigned to process): 9M, peak: 9M
current process commit charge ("private bytes"): 11M, peak: 12M

vm_info: OpenJDK 64-Bit Server VM (17.0.5+1-b653.23) for windows-amd64 JRE (17.0.5+1-b653.23), built on 2022-12-12 by "builduser" with MS VC++ 16.10 / 16.11 (VS2019)

END.
